  glad.c
C:\OpenGL\GLAD\glad.c(638,39): error C2061: 语法错误: 标识符“glad_glMultiDrawArraysIndirectCount”
C:\OpenGL\GLAD\glad.c(638,39): error C2059: 语法错误:“;”
C:\OpenGL\GLAD\glad.c(638,75): error C2513: “ ”: 在“=”前没有声明变量
C:\OpenGL\GLAD\glad.c(642,41): error C2061: 语法错误: 标识符“glad_glMultiDrawElementsIndirectCount”
C:\OpenGL\GLAD\glad.c(642,41): error C2059: 语法错误:“;”
C:\OpenGL\GLAD\glad.c(642,79): error C2513: “ ”: 在“=”前没有声明变量
C:\OpenGL\GLAD\glad.c(679,29): error C2061: 语法错误: 标识符“glad_glPolygonOffsetClamp”
C:\OpenGL\GLAD\glad.c(679,29): error C2059: 语法错误:“;”
C:\OpenGL\GLAD\glad.c(679,55): error C2513: “ ”: 在“=”前没有声明变量
C:\OpenGL\GLAD\glad.c(761,27): error C2061: 语法错误: 标识符“glad_glSpecializeShader”
C:\OpenGL\GLAD\glad.c(761,27): error C2059: 语法错误:“;”
C:\OpenGL\GLAD\glad.c(761,51): error C2513: “ ”: 在“=”前没有声明变量
C:\OpenGL\GLAD\glad.c(1731,26): error C2065: “glad_glSpecializeShader”: 未声明的标识符
C:\OpenGL\GLAD\glad.c(1731,54): error C2065: “PFNGLSPECIALIZESHADERPROC”: 未声明的标识符
C:\OpenGL\GLAD\glad.c(1731,55): error C2146: 语法错误: 缺少“;”(在标识符“load”的前面)
C:\OpenGL\GLAD\glad.c(1732,38): error C2065: “glad_glMultiDrawArraysIndirectCount”: 未声明的标识符
C:\OpenGL\GLAD\glad.c(1732,78): error C2065: “PFNGLMULTIDRAWARRAYSINDIRECTCOUNTPROC”: 未声明的标识符
C:\OpenGL\GLAD\glad.c(1732,79): error C2146: 语法错误: 缺少“;”(在标识符“load”的前面)
C:\OpenGL\GLAD\glad.c(1733,40): error C2065: “glad_glMultiDrawElementsIndirectCount”: 未声明的标识符
C:\OpenGL\GLAD\glad.c(1733,82): error C2065: “PFNGLMULTIDRAWELEMENTSINDIRECTCOUNTPROC”: 未声明的标识符
C:\OpenGL\GLAD\glad.c(1733,83): error C2146: 语法错误: 缺少“;”(在标识符“load”的前面)
C:\OpenGL\GLAD\glad.c(1734,28): error C2065: “glad_glPolygonOffsetClamp”: 未声明的标识符
C:\OpenGL\GLAD\glad.c(1734,58): error C2065: “PFNGLPOLYGONOFFSETCLAMPPROC”: 未声明的标识符
C:\OpenGL\GLAD\glad.c(1734,59): error C2146: 语法错误: 缺少“;”(在标识符“load”的前面)
